<?xml version="1.0" encoding="UTF-8"?>
<testsuite xmlns:xsi="http://www.w3.org/2001/XMLSchema-instance" xsi:noNamespaceSchemaLocation="https://maven.apache.org/surefire/maven-surefire-plugin/xsd/surefire-test-report-3.0.xsd" version="3.0" name="com.indicesnodoserecursao.GameEntryTest" time="0.109" tests="5" errors="0" skipped="0" failures="0">
  <properties>
[...]
</properties>
  <testcase name="getCreateToStringWithAnotherPlayer" classname="com.indicesnodoserecursao.GameEntryTest" time="0.056"/>
  <testcase name="getCreateToString" classname="com.indicesnodoserecursao.GameEntryTest" time="0.001"/>
  <testcase name="getNamePlayer" classname="com.indicesnodoserecursao.GameEntryTest" time="0.001"/>
  <testcase name="getScorePlayer" classname="com.indicesnodoserecursao.GameEntryTest" time="0.003"/>
  <testcase name="testGameEntry" classname="com.indicesnodoserecursao.GameEntryTest" time="0.001"/>
</testsuite>